c:\users\jxp161430\documents\deepnet\deepnet_v1_0\deepnet_v1_0\x64\debug\deepnet_v1_0.pch
c:\users\jxp161430\documents\deepnet\deepnet_v1_0\deepnet_v1_0\x64\debug\vc141.pdb
c:\users\jxp161430\documents\deepnet\deepnet_v1_0\deepnet_v1_0\x64\debug\pch.obj
c:\users\jxp161430\documents\deepnet\deepnet_v1_0\deepnet_v1_0\x64\debug\dllmain.obj
c:\users\jxp161430\documents\deepnet\deepnet_v1_0\deepnet_v1_0\x64\debug\fullyconnected.obj
c:\users\jxp161430\documents\deepnet\deepnet_v1_0\deepnet_v1_0\x64\debug\normalization.obj
c:\users\jxp161430\documents\deepnet\deepnet_v1_0\deepnet_v1_0\x64\debug\ioprocess.obj
c:\users\jxp161430\documents\deepnet\deepnet_v1_0\deepnet_v1_0\x64\debug\input.obj
c:\users\jxp161430\documents\deepnet\deepnet_v1_0\deepnet_v1_0\x64\debug\utilities.obj
c:\users\jxp161430\documents\deepnet\deepnet_v1_0\deepnet_v1_0\x64\debug\activation.obj
c:\users\jxp161430\documents\deepnet\deepnet_v1_0\deepnet_v1_0\x64\debug\softmax.obj
c:\users\jxp161430\documents\deepnet\deepnet_v1_0\deepnet_v1_0\x64\debug\convolution.obj
c:\users\jxp161430\documents\deepnet\deepnet_v1_0\deepnet_v1_0\x64\debug\deepnet_v1_0.obj
c:\users\jxp161430\documents\deepnet\deepnet_v1_0\deepnet_v1_0\x64\debug\dropout.obj
c:\users\jxp161430\documents\deepnet\deepnet_v1_0\deepnet_v1_0\x64\debug\pooling.obj
c:\users\jxp161430\documents\deepnet\deepnet_v1_0\deepnet_v1_0\x64\debug\channelthree.obj
c:\users\jxp161430\documents\deepnet\deepnet_v1_0\deepnet_v1_0\x64\debug\network.obj
c:\users\jxp161430\documents\deepnet\deepnet_v1_0\deepnet_v1_0\x64\debug\deepnet_v1_0.vcxprojresolveassemblyreference.cache
c:\users\jxp161430\documents\deepnet\deepnet_v1_0\deepnet_v1_0\x64\debug\priconfig.xml
c:\users\jxp161430\documents\deepnet\deepnet_v1_0\deepnet_v1_0\x64\debug\priconfig.xml.intermediate
c:\users\jxp161430\documents\deepnet\deepnet_v1_0\deepnet_v1_0\x64\debug\layout.resfiles
c:\users\jxp161430\documents\deepnet\deepnet_v1_0\deepnet_v1_0\x64\debug\layout.resfiles.intermediate
c:\users\jxp161430\documents\deepnet\deepnet_v1_0\deepnet_v1_0\x64\debug\resources.resfiles
c:\users\jxp161430\documents\deepnet\deepnet_v1_0\deepnet_v1_0\x64\debug\resources.resfiles.intermediate
c:\users\jxp161430\documents\deepnet\deepnet_v1_0\deepnet_v1_0\x64\debug\pri.resfiles
c:\users\jxp161430\documents\deepnet\deepnet_v1_0\deepnet_v1_0\x64\debug\pri.resfiles.intermediate
c:\users\jxp161430\documents\deepnet\deepnet_v1_0\x64\debug\deepnet_v1_0\deepnet_v1_0.pri
c:\users\jxp161430\documents\deepnet\deepnet_v1_0\deepnet_v1_0\x64\debug\qualifiers.txt
c:\users\jxp161430\documents\deepnet\deepnet_v1_0\deepnet_v1_0\x64\debug\qualifiers.txt.intermediate
c:\users\jxp161430\documents\deepnet\deepnet_v1_0\deepnet_v1_0\x64\debug\multiplequalifiersperdimensionfound.txt
c:\users\jxp161430\documents\deepnet\deepnet_v1_0\x64\debug\deepnet_v1_0\deepnet_v1_0.ilk
c:\users\jxp161430\documents\deepnet\deepnet_v1_0\x64\debug\deepnet_v1_0\deepnet_v1_0.dll
c:\users\jxp161430\documents\deepnet\deepnet_v1_0\x64\debug\deepnet_v1_0\deepnet_v1_0.pdb
c:\users\jxp161430\documents\deepnet\deepnet_v1_0\deepnet_v1_0\x64\debug\embed.resfiles
c:\users\jxp161430\documents\deepnet\deepnet_v1_0\deepnet_v1_0\x64\debug\deepnet_v1_0.tlog\cl.command.1.tlog
c:\users\jxp161430\documents\deepnet\deepnet_v1_0\deepnet_v1_0\x64\debug\deepnet_v1_0.tlog\cl.read.1.tlog
c:\users\jxp161430\documents\deepnet\deepnet_v1_0\deepnet_v1_0\x64\debug\deepnet_v1_0.tlog\cl.write.1.tlog
c:\users\jxp161430\documents\deepnet\deepnet_v1_0\deepnet_v1_0\x64\debug\deepnet_v1_0.tlog\deepnet_v1_0.read.1u.tlog
c:\users\jxp161430\documents\deepnet\deepnet_v1_0\deepnet_v1_0\x64\debug\deepnet_v1_0.tlog\deepnet_v1_0.write.1u.tlog
c:\users\jxp161430\documents\deepnet\deepnet_v1_0\deepnet_v1_0\x64\debug\deepnet_v1_0.tlog\link.command.1.tlog
c:\users\jxp161430\documents\deepnet\deepnet_v1_0\deepnet_v1_0\x64\debug\deepnet_v1_0.tlog\link.read.1.tlog
c:\users\jxp161430\documents\deepnet\deepnet_v1_0\deepnet_v1_0\x64\debug\deepnet_v1_0.tlog\link.write.1.tlog
